0 info it worked if it ends with ok
1 verbose cli [ '/home/eric/.nvm/versions/node/v4.5.0/bin/node',
1 verbose cli   '/home/eric/.nvm/versions/node/v4.5.0/bin/npm',
1 verbose cli   'install' ]
2 info using npm@2.15.9
3 info using node@v4.5.0
4 verbose readDependencies loading dependencies from /home/eric/Sites/t1bao.com/server/async-await-nodejs/package.json
5 warn package.json async-await-nodejs@0.0.0 keywords should be an array of strings
6 verbose install where, deps [ '/home/eric/Sites/t1bao.com/server/async-await-nodejs',
6 verbose install   [ 'eslint',
6 verbose install     'eslint-config-xo-space',
6 verbose install     'babel-eslint',
6 verbose install     'eslint-plugin-babel',
6 verbose install     'gulp',
6 verbose install     'gulp-eslint',
6 verbose install     'gulp-exclude-gitignore',
6 verbose install     'gulp-line-ending-corrector',
6 verbose install     'gulp-istanbul',
6 verbose install     'gulp-mocha',
6 verbose install     'gulp-plumber',
6 verbose install     'gulp-nsp',
6 verbose install     'gulp-coveralls',
6 verbose install     'gulp-babel',
6 verbose install     'del',
6 verbose install     'babel-core',
6 verbose install     'babel-register',
6 verbose install     'babel-preset-es2015',
6 verbose install     'isparta' ] ]
7 verbose install where, peers [ '/home/eric/Sites/t1bao.com/server/async-await-nodejs', [] ]
8 verbose installManyTop reading for lifecycle /home/eric/Sites/t1bao.com/server/async-await-nodejs/package.json
9 info preinstall async-await-nodejs@0.0.0
10 verbose installManyTop reading scoped package data from /home/eric/Sites/t1bao.com/server/async-await-nodejs/node_modules/babel-core/package.json
11 verbose installManyTop reading scoped package data from /home/eric/Sites/t1bao.com/server/async-await-nodejs/node_modules/babel-eslint/package.json
12 verbose installManyTop reading scoped package data from /home/eric/Sites/t1bao.com/server/async-await-nodejs/node_modules/babel-preset-es2015/package.json
13 verbose installManyTop reading scoped package data from /home/eric/Sites/t1bao.com/server/async-await-nodejs/node_modules/babel-register/package.json
14 verbose installManyTop reading scoped package data from /home/eric/Sites/t1bao.com/server/async-await-nodejs/node_modules/del/package.json
15 verbose installManyTop reading scoped package data from /home/eric/Sites/t1bao.com/server/async-await-nodejs/node_modules/eslint/package.json
16 verbose installManyTop reading scoped package data from /home/eric/Sites/t1bao.com/server/async-await-nodejs/node_modules/eslint-config-xo-space/package.json
17 verbose installManyTop reading scoped package data from /home/eric/Sites/t1bao.com/server/async-await-nodejs/node_modules/eslint-plugin-babel/package.json
18 verbose installManyTop reading scoped package data from /home/eric/Sites/t1bao.com/server/async-await-nodejs/node_modules/gulp/package.json
19 verbose installManyTop reading scoped package data from /home/eric/Sites/t1bao.com/server/async-await-nodejs/node_modules/gulp-babel/package.json
20 verbose installManyTop reading scoped package data from /home/eric/Sites/t1bao.com/server/async-await-nodejs/node_modules/gulp-coveralls/package.json
21 verbose installManyTop reading scoped package data from /home/eric/Sites/t1bao.com/server/async-await-nodejs/node_modules/gulp-eslint/package.json
22 verbose installManyTop reading scoped package data from /home/eric/Sites/t1bao.com/server/async-await-nodejs/node_modules/gulp-exclude-gitignore/package.json
23 verbose installManyTop reading scoped package data from /home/eric/Sites/t1bao.com/server/async-await-nodejs/node_modules/gulp-istanbul/package.json
24 verbose installManyTop reading scoped package data from /home/eric/Sites/t1bao.com/server/async-await-nodejs/node_modules/gulp-line-ending-corrector/package.json
25 verbose installManyTop reading scoped package data from /home/eric/Sites/t1bao.com/server/async-await-nodejs/node_modules/gulp-mocha/package.json
26 verbose installManyTop reading scoped package data from /home/eric/Sites/t1bao.com/server/async-await-nodejs/node_modules/gulp-nsp/package.json
27 verbose installManyTop reading scoped package data from /home/eric/Sites/t1bao.com/server/async-await-nodejs/node_modules/gulp-plumber/package.json
28 verbose installManyTop reading scoped package data from /home/eric/Sites/t1bao.com/server/async-await-nodejs/node_modules/isparta/package.json
29 info package.json gulp-coveralls@0.1.4 No license field.
30 verbose readDependencies loading dependencies from /home/eric/Sites/t1bao.com/server/async-await-nodejs/package.json
31 verbose targetResolver reading package data from /home/eric/Sites/t1bao.com/server/async-await-nodejs/node_modules/babel-core/package.json
32 verbose targetResolver reading package data from /home/eric/Sites/t1bao.com/server/async-await-nodejs/node_modules/babel-eslint/package.json
33 verbose targetResolver reading package data from /home/eric/Sites/t1bao.com/server/async-await-nodejs/node_modules/babel-preset-es2015/package.json
34 verbose targetResolver reading package data from /home/eric/Sites/t1bao.com/server/async-await-nodejs/node_modules/babel-register/package.json
35 verbose targetResolver reading package data from /home/eric/Sites/t1bao.com/server/async-await-nodejs/node_modules/del/package.json
36 verbose targetResolver reading package data from /home/eric/Sites/t1bao.com/server/async-await-nodejs/node_modules/eslint/package.json
37 verbose targetResolver reading package data from /home/eric/Sites/t1bao.com/server/async-await-nodejs/node_modules/eslint-config-xo-space/package.json
38 verbose targetResolver reading package data from /home/eric/Sites/t1bao.com/server/async-await-nodejs/node_modules/eslint-plugin-babel/package.json
39 verbose targetResolver reading package data from /home/eric/Sites/t1bao.com/server/async-await-nodejs/node_modules/gulp/package.json
40 verbose targetResolver reading package data from /home/eric/Sites/t1bao.com/server/async-await-nodejs/node_modules/gulp-babel/package.json
41 verbose targetResolver reading package data from /home/eric/Sites/t1bao.com/server/async-await-nodejs/node_modules/gulp-coveralls/package.json
42 verbose targetResolver reading package data from /home/eric/Sites/t1bao.com/server/async-await-nodejs/node_modules/gulp-eslint/package.json
43 verbose targetResolver reading package data from /home/eric/Sites/t1bao.com/server/async-await-nodejs/node_modules/gulp-exclude-gitignore/package.json
44 verbose targetResolver reading package data from /home/eric/Sites/t1bao.com/server/async-await-nodejs/node_modules/gulp-istanbul/package.json
45 verbose targetResolver reading package data from /home/eric/Sites/t1bao.com/server/async-await-nodejs/node_modules/gulp-line-ending-corrector/package.json
46 verbose targetResolver reading package data from /home/eric/Sites/t1bao.com/server/async-await-nodejs/node_modules/gulp-mocha/package.json
47 verbose targetResolver reading package data from /home/eric/Sites/t1bao.com/server/async-await-nodejs/node_modules/gulp-nsp/package.json
48 verbose targetResolver reading package data from /home/eric/Sites/t1bao.com/server/async-await-nodejs/node_modules/gulp-plumber/package.json
49 verbose targetResolver reading package data from /home/eric/Sites/t1bao.com/server/async-await-nodejs/node_modules/isparta/package.json
50 verbose already installed skipping babel-register@^6.9.0 /home/eric/Sites/t1bao.com/server/async-await-nodejs
51 verbose already installed skipping babel-preset-es2015@6.9.0 /home/eric/Sites/t1bao.com/server/async-await-nodejs
52 verbose already installed skipping isparta@^4.0.0 /home/eric/Sites/t1bao.com/server/async-await-nodejs
53 verbose already installed skipping eslint@^3.1.1 /home/eric/Sites/t1bao.com/server/async-await-nodejs
54 verbose already installed skipping eslint-config-xo-space@^0.14.0 /home/eric/Sites/t1bao.com/server/async-await-nodejs
55 verbose already installed skipping babel-eslint@^6.1.2 /home/eric/Sites/t1bao.com/server/async-await-nodejs
56 verbose already installed skipping eslint-plugin-babel@^3.3.0 /home/eric/Sites/t1bao.com/server/async-await-nodejs
57 verbose already installed skipping gulp@^3.9.0 /home/eric/Sites/t1bao.com/server/async-await-nodejs
58 verbose already installed skipping gulp-eslint@^2.0.0 /home/eric/Sites/t1bao.com/server/async-await-nodejs
59 verbose already installed skipping gulp-exclude-gitignore@^1.0.0 /home/eric/Sites/t1bao.com/server/async-await-nodejs
60 verbose already installed skipping gulp-line-ending-corrector@^1.0.1 /home/eric/Sites/t1bao.com/server/async-await-nodejs
61 verbose already installed skipping gulp-istanbul@^1.0.0 /home/eric/Sites/t1bao.com/server/async-await-nodejs
62 verbose already installed skipping gulp-mocha@^2.0.0 /home/eric/Sites/t1bao.com/server/async-await-nodejs
63 verbose already installed skipping gulp-plumber@^1.0.0 /home/eric/Sites/t1bao.com/server/async-await-nodejs
64 verbose already installed skipping gulp-nsp@^2.1.0 /home/eric/Sites/t1bao.com/server/async-await-nodejs
65 verbose already installed skipping gulp-coveralls@^0.1.0 /home/eric/Sites/t1bao.com/server/async-await-nodejs
66 verbose already installed skipping gulp-babel@^6.1.2 /home/eric/Sites/t1bao.com/server/async-await-nodejs
67 verbose already installed skipping del@^2.0.2 /home/eric/Sites/t1bao.com/server/async-await-nodejs
68 verbose already installed skipping babel-core@^6.11.4 /home/eric/Sites/t1bao.com/server/async-await-nodejs
69 silly install resolved []
70 info build /home/eric/Sites/t1bao.com/server/async-await-nodejs
71 info linkStuff async-await-nodejs@0.0.0
72 silly linkStuff async-await-nodejs@0.0.0 has /home/eric/Sites/t1bao.com/server as its parent node_modules
73 verbose linkBins async-await-nodejs@0.0.0
74 verbose linkMans async-await-nodejs@0.0.0
75 verbose rebuildBundles async-await-nodejs@0.0.0
76 verbose rebuildBundles [ 'babel-core',
76 verbose rebuildBundles   'babel-eslint',
76 verbose rebuildBundles   'babel-preset-es2015',
76 verbose rebuildBundles   'babel-register',
76 verbose rebuildBundles   'del',
76 verbose rebuildBundles   'eslint',
76 verbose rebuildBundles   'eslint-config-xo-space',
76 verbose rebuildBundles   'eslint-plugin-babel',
76 verbose rebuildBundles   'gulp',
76 verbose rebuildBundles   'gulp-babel',
76 verbose rebuildBundles   'gulp-coveralls',
76 verbose rebuildBundles   'gulp-eslint',
76 verbose rebuildBundles   'gulp-exclude-gitignore',
76 verbose rebuildBundles   'gulp-istanbul',
76 verbose rebuildBundles   'gulp-line-ending-corrector',
76 verbose rebuildBundles   'gulp-mocha',
76 verbose rebuildBundles   'gulp-nsp',
76 verbose rebuildBundles   'gulp-plumber',
76 verbose rebuildBundles   'isparta' ]
77 info install async-await-nodejs@0.0.0
78 info postinstall async-await-nodejs@0.0.0
79 info prepublish async-await-nodejs@0.0.0
80 verbose unsafe-perm in lifecycle true
81 info async-await-nodejs@0.0.0 Failed to exec prepublish script
82 verbose stack Error: async-await-nodejs@0.0.0 prepublish: `gulp prepublish`
82 verbose stack Exit status 1
82 verbose stack     at EventEmitter.<anonymous> (/home/eric/.nvm/versions/node/v4.5.0/lib/node_modules/npm/lib/utils/lifecycle.js:217:16)
82 verbose stack     at emitTwo (events.js:87:13)
82 verbose stack     at EventEmitter.emit (events.js:172:7)
82 verbose stack     at ChildProcess.<anonymous> (/home/eric/.nvm/versions/node/v4.5.0/lib/node_modules/npm/lib/utils/spawn.js:24:14)
82 verbose stack     at emitTwo (events.js:87:13)
82 verbose stack     at ChildProcess.emit (events.js:172:7)
82 verbose stack     at maybeClose (internal/child_process.js:829:16)
82 verbose stack     at Process.ChildProcess._handle.onexit (internal/child_process.js:211:5)
83 verbose pkgid async-await-nodejs@0.0.0
84 verbose cwd /home/eric/Sites/t1bao.com/server/async-await-nodejs
85 error Linux 4.4.0-47-generic
86 error argv "/home/eric/.nvm/versions/node/v4.5.0/bin/node" "/home/eric/.nvm/versions/node/v4.5.0/bin/npm" "install"
87 error node v4.5.0
88 error npm  v2.15.9
89 error code ELIFECYCLE
90 error async-await-nodejs@0.0.0 prepublish: `gulp prepublish`
90 error Exit status 1
91 error Failed at the async-await-nodejs@0.0.0 prepublish script 'gulp prepublish'.
91 error This is most likely a problem with the async-await-nodejs package,
91 error not with npm itself.
91 error Tell the author that this fails on your system:
91 error     gulp prepublish
91 error You can get information on how to open an issue for this project with:
91 error     npm bugs async-await-nodejs
91 error Or if that isn't available, you can get their info via:
91 error
91 error     npm owner ls async-await-nodejs
91 error There is likely additional logging output above.
92 verbose exit [ 1, true ]
